<?xml version="1.0" encoding="UTF-8"?>
<!-- Generated by org.testng.reporters.JUnitXMLReporter -->
<testsuite ignored="0" hostname="Asis" failures="0" tests="4" name="Default test" time="18.035" errors="0" timestamp="2024-03-08T09:50:50 IST">
  <testcase classname="TestCases.LoginPageTestCase" name="launchSite" time="7.96"/>
  <testcase classname="TestCases.LoginPageTestCase" name="doClickMyGOVButton" time="7.013"/>
  <testcase classname="TestCases.LoginPageTestCase" name="doEnterEmailAddress" time="0.672"/>
  <testcase classname="TestCases.LoginPageTestCase" name="doClickLoginButton" time="0.071"/>
</testsuite> <!-- Default test -->
